<?xml version="1.0" encoding="UTF-8"?>
<!-- Generated by org.testng.reporters.JUnitXMLReporter -->
<testsuite ignored="0" hostname="pramada" failures="1" tests="3" name="Test" time="10.398" errors="0" timestamp="2024-11-07T20:04:18 CST">
  <testcase classname="Products.AddProductToCartTest" name="removeProductTest" time="0.025"/>
  <testcase classname="Products.AddProductToCartTest" name="tc001_addSingleProductToCartTest" time="2.544">
    <failure type="java.lang.AssertionError" message="null">
      <![CDATA[java.lang.AssertionError: null
at Products.AddProductToCartTest.tc001_addSingleProductToCartTest(AddProductToCartTest.java:34)
at java.base/java.util.ArrayList.forEach(ArrayList.java:1511)
... Removed 29 stack frames]]>
    </failure>
  </testcase> <!-- tc001_addSingleProductToCartTest -->
  <testcase classname="practice.TestNgPractice" name="sampleTest" time="0.01"/>
</testsuite> <!-- Test -->
